<?xml version="1.0" encoding="UTF-8"?>
<!-- Generated by org.testng.reporters.JUnitReportReporter -->
<testsuite hostname="Marcus-VirtualBox" name="com.mycompany.calculator.jsf.maven.personTest" tests="1" failures="0" timestamp="4 Sep 2019 12:05:49 GMT" time="0.007" errors="0">
  <testcase name="test" time="0.007" classname="com.mycompany.calculator.jsf.maven.personTest"/>
</testsuite> <!-- com.mycompany.calculator.jsf.maven.personTest -->
